TN:
SF:src\app\components\landing\comments\comments.component.ts
FN:16,(anonymous_0)
FN:14,(anonymous_1)
FN:18,(anonymous_2)
FN:27,(anonymous_3)
FN:48,(anonymous_4)
FN:52,(anonymous_5)
FNF:6
FNH:0
FNDA:0,(anonymous_0)
FNDA:0,(anonymous_1)
FNDA:0,(anonymous_2)
FNDA:0,(anonymous_3)
FNDA:0,(anonymous_4)
FNDA:0,(anonymous_5)
DA:13,1
DA:14,0
DA:16,0
DA:19,0
DA:20,0
DA:21,0
DA:22,0
DA:28,0
DA:30,0
DA:33,0
DA:35,0
DA:41,0
DA:43,0
DA:49,0
DA:50,0
DA:52,0
DA:53,0
LF:17
LH:1
BRDA:19,0,0,0
BRDA:33,1,0,0
BRF:2
BRH:0
end_of_record
TN:
SF:src\app\components\modal-post\modal-post.component.ts
FN:17,(anonymous_0)
FN:25,(anonymous_1)
FN:33,(anonymous_2)
FN:38,(anonymous_3)
FNF:4
FNH:0
FNDA:0,(anonymous_0)
FNDA:0,(anonymous_1)
FNDA:0,(anonymous_2)
FNDA:0,(anonymous_3)
DA:15,1
DA:17,0
DA:21,0
DA:23,0
DA:26,0
DA:27,0
DA:28,0
DA:29,0
DA:34,0
DA:39,0
DA:41,0
DA:44,0
DA:46,0
DA:53,0
DA:55,0
LF:15
LH:1
BRDA:26,0,0,0
BRDA:44,1,0,0
BRF:2
BRH:0
end_of_record
TN:
SF:src\app\global\header\header.component.ts
FN:29,(anonymous_0)
FN:27,(anonymous_1)
FN:35,(anonymous_2)
FN:45,(anonymous_3)
FN:52,(anonymous_4)
FNF:5
FNH:2
FNDA:2,(anonymous_0)
FNDA:2,(anonymous_1)
FNDA:0,(anonymous_2)
FNDA:0,(anonymous_3)
FNDA:0,(anonymous_4)
DA:21,1
DA:22,2
DA:23,2
DA:25,2
DA:27,2
DA:30,2
DA:31,2
DA:32,2
DA:36,0
DA:38,0
DA:40,0
DA:41,0
DA:42,0
DA:45,0
DA:46,0
DA:47,0
DA:53,0
DA:54,0
DA:55,0
DA:56,0
DA:57,0
LF:21
LH:8
BRDA:40,0,0,0
BRF:1
BRH:0
end_of_record
TN:
SF:src\app\global\header\notifications\notifications.component.ts
FN:28,(anonymous_0)
FN:30,(anonymous_1)
FN:36,(anonymous_2)
FN:41,(anonymous_3)
FN:48,(anonymous_4)
FN:52,(anonymous_5)
FNF:6
FNH:0
FNDA:0,(anonymous_0)
FNDA:0,(anonymous_1)
FNDA:0,(anonymous_2)
FNDA:0,(anonymous_3)
FNDA:0,(anonymous_4)
FNDA:0,(anonymous_5)
DA:15,1
DA:16,0
DA:28,0
DA:31,0
DA:32,0
DA:33,0
DA:37,0
DA:38,0
DA:40,0
DA:41,0
DA:43,0
DA:45,0
DA:49,0
DA:50,0
DA:52,0
DA:53,0
DA:54,0
LF:17
LH:1
BRDA:38,0,0,0
BRDA:43,1,0,0
BRDA:50,2,0,0
BRDA:53,3,0,0
BRF:4
BRH:0
end_of_record
TN:
SF:src\app\global\modal\modal.component.ts
FN:10,(anonymous_0)
FN:13,(anonymous_1)
FN:20,(anonymous_2)
FNF:3
FNH:0
FNDA:0,(anonymous_0)
FNDA:0,(anonymous_1)
FNDA:0,(anonymous_2)
DA:10,1
DA:11,0
DA:14,0
DA:16,0
DA:18,0
DA:20,0
DA:21,0
LF:7
LH:1
BRDA:16,0,0,0
BRF:1
BRH:0
end_of_record
TN:
SF:src\app\global\post\post.component.ts
FN:20,(anonymous_0)
FN:22,(anonymous_1)
FN:33,(anonymous_2)
FNF:3
FNH:2
FNDA:2,(anonymous_0)
FNDA:2,(anonymous_1)
FNDA:0,(anonymous_2)
DA:17,1
DA:20,2
DA:23,2
DA:24,2
DA:25,2
DA:26,2
DA:34,0
DA:36,0
DA:38,0
LF:9
LH:6
BRDA:25,0,0,1
BRDA:25,0,1,1
BRF:2
BRH:2
end_of_record
TN:
SF:src\app\global\posts\posts.component.ts
FN:15,(anonymous_0)
FNF:1
FNH:1
FNDA:2,(anonymous_0)
DA:14,1
DA:15,2
DA:17,2
LF:3
LH:3
BRF:0
BRH:0
end_of_record
TN:
SF:src\app\global\skeletons\posts\posts.component.ts
FN:10,(anonymous_0)
FNF:1
FNH:0
FNDA:0,(anonymous_0)
DA:10,1
DA:11,0
LF:2
LH:1
BRF:0
BRH:0
end_of_record
TN:
SF:src\app\global\svg\comment\comment.component.ts
FN:7,(anonymous_0)
FN:10,(anonymous_1)
FNF:2
FNH:1
FNDA:2,(anonymous_0)
FNDA:0,(anonymous_1)
DA:7,1
DA:8,2
DA:11,0
LF:3
LH:2
BRF:0
BRH:0
end_of_record
TN:
SF:src\app\global\svg\eye-close\eye-close.component.ts
FNF:0
FNH:0
DA:8,1
LF:1
LH:1
BRF:0
BRH:0
end_of_record
TN:
SF:src\app\global\svg\eye-open\eye-open.component.ts
FNF:0
FNH:0
DA:8,1
LF:1
LH:1
BRF:0
BRH:0
end_of_record
TN:
SF:src\app\global\svg\likes\like.component.ts
FN:8,(anonymous_0)
FN:12,(anonymous_1)
FNF:2
FNH:0
FNDA:0,(anonymous_0)
FNDA:0,(anonymous_1)
DA:8,1
DA:9,0
DA:10,0
DA:13,0
LF:4
LH:1
BRF:0
BRH:0
end_of_record
TN:
SF:src\app\services\user\user.service.ts
FN:24,(anonymous_0)
FN:30,(anonymous_1)
FN:34,(anonymous_2)
FN:38,(anonymous_3)
FN:43,(anonymous_4)
FN:47,(anonymous_5)
FN:57,(anonymous_6)
FN:62,(anonymous_7)
FN:79,(anonymous_8)
FNF:9
FNH:1
FNDA:8,(anonymous_0)
FNDA:0,(anonymous_1)
FNDA:0,(anonymous_2)
FNDA:0,(anonymous_3)
FNDA:0,(anonymous_4)
FNDA:0,(anonymous_5)
FNDA:0,(anonymous_6)
FNDA:0,(anonymous_7)
FNDA:0,(anonymous_8)
DA:13,1
DA:14,8
DA:18,8
DA:20,8
DA:22,8
DA:25,8
DA:26,8
DA:27,8
DA:31,0
DA:35,0
DA:39,0
DA:40,0
DA:44,0
DA:54,0
DA:58,0
DA:59,0
DA:63,0
DA:64,0
DA:66,0
DA:73,0
DA:76,0
DA:80,0
DA:81,0
DA:82,0
DA:83,0
DA:85,0
LF:26
LH:8
BRDA:82,0,0,0
BRDA:82,1,0,0
BRDA:82,1,1,0
BRF:3
BRH:0
end_of_record
TN:
SF:src\app\utils\constants.ts
FN:13,(anonymous_0)
FN:28,(anonymous_1)
FN:40,(anonymous_2)
FN:52,(anonymous_3)
FN:64,handleCloseModal
FN:71,(anonymous_5)
FNF:6
FNH:1
FNDA:5,(anonymous_0)
FNDA:0,(anonymous_1)
FNDA:0,(anonymous_2)
FNDA:0,(anonymous_3)
FNDA:0,handleCloseModal
FNDA:0,(anonymous_5)
DA:11,1
DA:13,1
DA:15,5
DA:16,5
DA:17,2
DA:19,1
DA:20,1
DA:21,1
DA:28,1
DA:29,0
DA:30,0
DA:31,0
DA:33,0
DA:34,0
DA:40,1
DA:41,0
DA:42,0
DA:43,0
DA:45,0
DA:46,0
DA:52,1
DA:53,0
DA:54,0
DA:55,0
DA:57,0
DA:58,0
DA:65,0
DA:67,0
DA:69,0
DA:71,0
DA:72,0
LF:31
LH:11
BRDA:20,0,0,0
BRDA:20,0,1,1
BRDA:67,1,0,0
BRF:3
BRH:1
end_of_record
TN:
SF:src\app\views\landing\landing.component.ts
FN:28,(anonymous_0)
FN:30,(anonymous_1)
FN:35,(anonymous_2)
FNF:3
FNH:2
FNDA:2,(anonymous_0)
FNDA:0,(anonymous_1)
FNDA:2,(anonymous_2)
DA:24,1
DA:25,2
DA:26,2
DA:28,2
DA:31,0
DA:32,0
DA:36,2
LF:7
LH:5
BRF:0
BRH:0
end_of_record
TN:
SF:src\app\views\login\login.component.ts
FN:29,(anonymous_0)
FN:36,(anonymous_1)
FN:41,(anonymous_2)
FN:64,(anonymous_3)
FNF:4
FNH:3
FNDA:4,(anonymous_0)
FNDA:0,(anonymous_1)
FNDA:4,(anonymous_2)
FNDA:1,(anonymous_3)
DA:19,1
DA:20,4
DA:25,4
DA:27,4
DA:30,4
DA:31,4
DA:32,4
DA:37,0
DA:42,4
DA:44,4
DA:46,4
DA:48,4
DA:49,1
DA:50,1
DA:53,3
DA:55,3
DA:56,1
DA:57,1
DA:61,2
DA:62,2
DA:63,2
DA:64,2
DA:65,1
DA:68,2
DA:70,2
LF:25
LH:24
BRDA:48,0,0,1
BRDA:48,1,0,4
BRDA:48,1,1,3
BRDA:55,2,0,1
BRF:4
BRH:4
end_of_record
TN:
SF:src\app\views\profile-search\profile-search.component.ts
FN:35,(anonymous_0)
FN:41,(anonymous_1)
FN:42,(anonymous_2)
FN:69,(anonymous_3)
FN:86,(anonymous_4)
FN:92,(anonymous_5)
FN:113,(anonymous_6)
FNF:7
FNH:5
FNDA:2,(anonymous_0)
FNDA:2,(anonymous_1)
FNDA:2,(anonymous_2)
FNDA:0,(anonymous_3)
FNDA:1,(anonymous_4)
FNDA:0,(anonymous_5)
FNDA:1,(anonymous_6)
DA:18,1
DA:19,2
DA:20,2
DA:21,2
DA:22,2
DA:24,2
DA:26,2
DA:28,2
DA:30,2
DA:32,2
DA:36,2
DA:37,2
DA:38,2
DA:42,2
DA:43,2
DA:44,2
DA:46,0
DA:51,0
DA:54,0
DA:55,0
DA:56,0
DA:57,0
DA:59,0
DA:61,0
DA:63,0
DA:65,0
DA:70,0
DA:71,0
DA:72,0
DA:79,0
DA:80,0
DA:82,0
DA:87,1
DA:88,1
DA:93,0
DA:94,0
DA:95,0
DA:96,0
DA:101,0
DA:102,0
DA:104,0
DA:105,0
DA:109,0
DA:114,1
DA:115,1
LF:45
LH:20
BRDA:43,0,0,2
BRDA:51,1,0,0
BRDA:59,2,0,0
BRDA:59,2,1,0
BRDA:79,3,0,0
BRDA:101,4,0,0
BRDA:101,4,1,0
BRDA:104,5,0,0
BRF:8
BRH:1
end_of_record
TN:
SF:src\app\views\profile\edit-profile\edit-profile.component.ts
FN:25,(anonymous_0)
FN:30,(anonymous_1)
FN:36,(anonymous_2)
FN:79,(anonymous_3)
FNF:4
FNH:3
FNDA:5,(anonymous_0)
FNDA:0,(anonymous_1)
FNDA:5,(anonymous_2)
FNDA:3,(anonymous_3)
DA:18,1
DA:19,5
DA:21,5
DA:23,5
DA:25,5
DA:27,5
DA:31,0
DA:38,5
DA:40,5
DA:42,5
DA:44,5
DA:46,5
DA:47,5
DA:48,5
DA:49,5
DA:50,5
DA:51,5
DA:53,5
DA:54,1
DA:55,1
DA:59,4
DA:60,4
DA:61,1
DA:62,1
DA:66,0
DA:69,3
DA:71,3
DA:72,1
DA:73,1
DA:77,2
DA:79,3
DA:82,2
DA:83,1
DA:84,1
DA:87,1
DA:88,1
DA:89,1
DA:93,0
DA:102,0
DA:103,0
DA:104,0
DA:107,0
DA:109,0
DA:111,0
DA:113,0
DA:115,0
LF:46
LH:35
BRDA:53,0,0,1
BRDA:53,1,0,5
BRDA:53,1,1,4
BRDA:53,1,2,4
BRDA:53,1,3,4
BRDA:53,1,4,4
BRDA:59,2,0,4
BRDA:59,2,1,0
BRDA:60,3,0,1
BRDA:71,4,0,1
BRDA:82,5,0,1
BRDA:82,6,0,2
BRDA:82,6,1,1
BRDA:87,7,0,1
BRDA:102,8,0,0
BRF:15
BRH:13
end_of_record
TN:
SF:src\app\views\register\register.component.ts
FN:31,(anonymous_0)
FN:34,(anonymous_1)
FN:38,(anonymous_2)
FN:58,(anonymous_3)
FNF:4
FNH:3
FNDA:4,(anonymous_0)
FNDA:0,(anonymous_1)
FNDA:4,(anonymous_2)
FNDA:3,(anonymous_3)
DA:24,1
DA:26,4
DA:27,4
DA:29,4
DA:31,4
DA:35,0
DA:40,4
DA:42,4
DA:45,4
DA:47,1
DA:50,3
DA:52,3
DA:53,1
DA:56,2
DA:58,3
DA:61,2
DA:62,1
DA:66,1
DA:67,1
DA:68,1
DA:71,0
DA:72,0
DA:73,0
DA:76,0
DA:77,0
DA:82,0
DA:84,0
DA:85,0
DA:88,0
DA:89,0
DA:90,0
DA:93,0
DA:95,0
LF:33
LH:19
BRDA:45,0,0,1
BRDA:45,1,0,4
BRDA:45,1,1,3
BRDA:45,1,2,3
BRDA:45,1,3,3
BRDA:45,1,4,3
BRDA:45,1,5,3
BRDA:45,1,6,3
BRDA:52,2,0,1
BRDA:61,3,0,1
BRDA:61,4,0,2
BRDA:61,4,1,1
BRDA:66,5,0,1
BRDA:71,6,0,0
BRDA:76,7,0,0
BRDA:84,8,0,0
BRF:16
BRH:13
end_of_record
